2026-01-06 08:41:36 | INFO     | jobhunter:105 | Google Custom Search API returned results | Context: {"extra": {"query": "\"Software Engineer\"", "count": 5}}
2026-01-06 08:41:36 | INFO     | jobhunter:105 | Google Custom Search API returned results | Context: {"extra": {"query": "\"Software Engineer\"", "count": 5}}
2026-01-06 08:41:37 | INFO     | jobhunter:105 | Google Custom Search API returned results | Context: {"extra": {"query": "\"Software Engineer\"", "count": 5}}
2026-01-06 08:41:37 | INFO     | jobhunter:105 | Google Custom Search API returned results | Context: {"extra": {"query": "\"Software Engineer\"", "count": 5}}
2026-01-06 08:41:38 | ERROR    | jobhunter:105 | Greenhouse request failed | Context: {"url": "https://job-boards.greenhouse.io/rubrik/jobs/7467326", "status": 403}
2026-01-06 08:41:39 | ERROR    | jobhunter:105 | Greenhouse request failed | Context: {"url": "https://job-boards.greenhouse.io/rubrik/jobs/7394484", "status": 403}
2026-01-06 08:43:58 | WARNING  | jobhunter:105 | Lever URL not found | Context: {"url": "https://jobs.lever.co/vida/cce79ac3-cb3a-4a0b-809a-81419b075c4f", "status": 404}
2026-01-06 08:44:01 | INFO     | jobhunter:105 | === Scraping Session Metrics ===
2026-01-06 08:44:01 | INFO     | jobhunter:105 | API Calls: 4
2026-01-06 08:44:01 | INFO     | jobhunter:105 | Scrapes: 15/20 (75.0% success)
2026-01-06 08:44:01 | INFO     | jobhunter:105 | Platform Success Rates:
2026-01-06 08:44:01 | INFO     | jobhunter:105 |   greenhouse: 1/5 (20.0%)
2026-01-06 08:44:01 | INFO     | jobhunter:105 |   lever: 4/5 (80.0%)
2026-01-06 08:44:01 | INFO     | jobhunter:105 |   ashby: 5/5 (100.0%)
2026-01-06 08:44:01 | INFO     | jobhunter:105 |   workable: 5/5 (100.0%)
2026-01-06 08:44:01 | INFO     | jobhunter:105 | Error Types:
2026-01-06 08:44:01 | INFO     | jobhunter:105 |   HTTPError_403: 2
2026-01-06 08:44:01 | INFO     | jobhunter:105 |   HTTPError_404: 1
2026-01-06 12:25:42 | INFO     | jobhunter:105 | Google Custom Search API returned results | Context: {"extra": {"query": "\"machine learning\" \"data scientist\" \"software engineer\"", "count": 1}}
2026-01-06 12:25:43 | INFO     | jobhunter:105 | Google Custom Search API returned results | Context: {"extra": {"query": "\"machine learning\" \"data scientist\" \"software engineer\"", "count": 0}}
2026-01-06 12:25:43 | INFO     | jobhunter:105 | Google Custom Search API returned results | Context: {"extra": {"query": "\"machine learning\" \"data scientist\" \"software engineer\"", "count": 0}}
2026-01-06 12:25:43 | INFO     | jobhunter:105 | Google Custom Search API returned results | Context: {"extra": {"query": "\"machine learning\" \"data scientist\" \"software engineer\"", "count": 0}}
2026-01-06 12:25:44 | INFO     | jobhunter:105 | === Scraping Session Metrics ===
2026-01-06 12:25:44 | INFO     | jobhunter:105 | API Calls: 4
2026-01-06 12:25:44 | INFO     | jobhunter:105 | Scrapes: 1/1 (100.0% success)
2026-01-06 12:25:44 | INFO     | jobhunter:105 | Platform Success Rates:
2026-01-06 12:25:44 | INFO     | jobhunter:105 |   greenhouse: 1/1 (100.0%)
2026-01-06 12:26:15 | INFO     | jobhunter:105 | Google Custom Search API returned results | Context: {"extra": {"query": "\"machine learning\" \"data scientist\" \"software engineer\"", "count": 1}}
2026-01-06 12:26:16 | INFO     | jobhunter:105 | Google Custom Search API returned results | Context: {"extra": {"query": "\"machine learning\" \"data scientist\" \"software engineer\"", "count": 0}}
2026-01-06 12:26:16 | INFO     | jobhunter:105 | Google Custom Search API returned results | Context: {"extra": {"query": "\"machine learning\" \"data scientist\" \"software engineer\"", "count": 0}}
2026-01-06 12:26:16 | INFO     | jobhunter:105 | Google Custom Search API returned results | Context: {"extra": {"query": "\"machine learning\" \"data scientist\" \"software engineer\"", "count": 0}}
2026-01-06 12:26:17 | INFO     | jobhunter:105 | === Scraping Session Metrics ===
2026-01-06 12:26:17 | INFO     | jobhunter:105 | API Calls: 4
2026-01-06 12:26:17 | INFO     | jobhunter:105 | Scrapes: 1/1 (100.0% success)
2026-01-06 12:26:17 | INFO     | jobhunter:105 | Platform Success Rates:
2026-01-06 12:26:17 | INFO     | jobhunter:105 |   greenhouse: 1/1 (100.0%)
2026-01-06 12:27:31 | INFO     | jobhunter:105 | Google Custom Search API returned results | Context: {"extra": {"query": "\"machine learning\"", "count": 10}}
2026-01-06 12:27:32 | INFO     | jobhunter:105 | Google Custom Search API returned results | Context: {"extra": {"query": "\"machine learning\"", "count": 10}}
2026-01-06 12:27:32 | INFO     | jobhunter:105 | Google Custom Search API returned results | Context: {"extra": {"query": "\"machine learning\"", "count": 10}}
2026-01-06 12:27:33 | INFO     | jobhunter:105 | Google Custom Search API returned results | Context: {"extra": {"query": "\"machine learning\"", "count": 10}}
2026-01-06 12:27:33 | ERROR    | jobhunter:105 | Greenhouse request failed | Context: {"url": "https://job-boards.greenhouse.io/coupang/jobs/5633714", "status": 403}
2026-01-06 12:27:34 | ERROR    | jobhunter:105 | Greenhouse request failed | Context: {"url": "https://boards.greenhouse.io/coupang/jobs/5949904", "status": 403}
2026-01-06 12:27:36 | ERROR    | jobhunter:105 | Greenhouse request failed | Context: {"url": "https://job-boards.greenhouse.io/coupang/jobs/6158429", "status": 403}
2026-01-06 12:27:54 | INFO     | jobhunter:105 | === Scraping Session Metrics ===
2026-01-06 12:27:54 | INFO     | jobhunter:105 | API Calls: 4
2026-01-06 12:27:54 | INFO     | jobhunter:105 | Scrapes: 37/40 (92.5% success)
2026-01-06 12:27:54 | INFO     | jobhunter:105 | Platform Success Rates:
2026-01-06 12:27:54 | INFO     | jobhunter:105 |   greenhouse: 7/10 (70.0%)
2026-01-06 12:27:54 | INFO     | jobhunter:105 |   lever: 10/10 (100.0%)
2026-01-06 12:27:54 | INFO     | jobhunter:105 |   ashby: 10/10 (100.0%)
2026-01-06 12:27:54 | INFO     | jobhunter:105 |   workable: 10/10 (100.0%)
2026-01-06 12:27:54 | INFO     | jobhunter:105 | Error Types:
2026-01-06 12:27:54 | INFO     | jobhunter:105 |   HTTPError_403: 3
2026-01-06 12:28:11 | INFO     | jobhunter:105 | Google Custom Search API returned results | Context: {"extra": {"query": "\"software\"", "count": 10}}
2026-01-06 12:28:12 | INFO     | jobhunter:105 | Google Custom Search API returned results | Context: {"extra": {"query": "\"software\"", "count": 10}}
2026-01-06 12:28:12 | INFO     | jobhunter:105 | Google Custom Search API returned results | Context: {"extra": {"query": "\"software\"", "count": 10}}
2026-01-06 12:28:12 | INFO     | jobhunter:105 | Google Custom Search API returned results | Context: {"extra": {"query": "\"software\"", "count": 10}}
2026-01-06 12:28:25 | INFO     | jobhunter:105 | === Scraping Session Metrics ===
2026-01-06 12:28:25 | INFO     | jobhunter:105 | API Calls: 4
2026-01-06 12:28:25 | INFO     | jobhunter:105 | Scrapes: 40/40 (100.0% success)
2026-01-06 12:28:25 | INFO     | jobhunter:105 | Platform Success Rates:
2026-01-06 12:28:25 | INFO     | jobhunter:105 |   greenhouse: 10/10 (100.0%)
2026-01-06 12:28:25 | INFO     | jobhunter:105 |   lever: 10/10 (100.0%)
2026-01-06 12:28:25 | INFO     | jobhunter:105 |   ashby: 10/10 (100.0%)
2026-01-06 12:28:25 | INFO     | jobhunter:105 |   workable: 10/10 (100.0%)
2026-01-06 12:28:34 | INFO     | jobhunter:105 | Google Custom Search API returned results | Context: {"extra": {"query": "\"data\"", "count": 10}}
2026-01-06 12:28:35 | INFO     | jobhunter:105 | Google Custom Search API returned results | Context: {"extra": {"query": "\"data\"", "count": 10}}
2026-01-06 12:28:35 | INFO     | jobhunter:105 | Google Custom Search API returned results | Context: {"extra": {"query": "\"data\"", "count": 10}}
2026-01-06 12:28:35 | INFO     | jobhunter:105 | Google Custom Search API returned results | Context: {"extra": {"query": "\"data\"", "count": 10}}
2026-01-06 12:28:36 | ERROR    | jobhunter:105 | Greenhouse request failed | Context: {"url": "https://job-boards.greenhouse.io/coupang/jobs/6898647", "status": 403}
2026-01-06 12:28:38 | ERROR    | jobhunter:105 | Greenhouse request failed | Context: {"url": "https://boards.greenhouse.io/coupang/jobs/7136897", "status": 403}
2026-01-06 12:28:51 | INFO     | jobhunter:105 | === Scraping Session Metrics ===
2026-01-06 12:28:51 | INFO     | jobhunter:105 | API Calls: 4
2026-01-06 12:28:51 | INFO     | jobhunter:105 | Scrapes: 38/40 (95.0% success)
2026-01-06 12:28:51 | INFO     | jobhunter:105 | Platform Success Rates:
2026-01-06 12:28:51 | INFO     | jobhunter:105 |   greenhouse: 8/10 (80.0%)
2026-01-06 12:28:51 | INFO     | jobhunter:105 |   lever: 10/10 (100.0%)
2026-01-06 12:28:51 | INFO     | jobhunter:105 |   ashby: 10/10 (100.0%)
2026-01-06 12:28:51 | INFO     | jobhunter:105 |   workable: 10/10 (100.0%)
2026-01-06 12:28:51 | INFO     | jobhunter:105 | Error Types:
2026-01-06 12:28:51 | INFO     | jobhunter:105 |   HTTPError_403: 2
2026-01-06 12:50:59 | INFO     | jobhunter:105 | Google Custom Search API returned results | Context: {"extra": {"query": "\"Python Engineer\"", "count": 3}}
2026-01-06 12:50:59 | INFO     | jobhunter:105 | Google Custom Search API returned results | Context: {"extra": {"query": "\"Python Engineer\"", "count": 3}}
2026-01-06 12:50:59 | INFO     | jobhunter:105 | Google Custom Search API returned results | Context: {"extra": {"query": "\"Python Engineer\"", "count": 3}}
2026-01-06 12:51:00 | INFO     | jobhunter:105 | Google Custom Search API returned results | Context: {"extra": {"query": "\"Python Engineer\"", "count": 3}}
2026-01-06 12:51:07 | INFO     | jobhunter:105 | Cleanup completed | Context: {"extra": {"jobs_initialized": 99, "jobs_removed": 0, "jobs_before": 111, "jobs_after": 111}}
2026-01-06 12:51:07 | INFO     | jobhunter:105 | === Scraping Session Metrics ===
2026-01-06 12:51:07 | INFO     | jobhunter:105 | API Calls: 4
2026-01-06 12:51:07 | INFO     | jobhunter:105 | Scrapes: 12/12 (100.0% success)
2026-01-06 12:51:07 | INFO     | jobhunter:105 | Platform Success Rates:
2026-01-06 12:51:07 | INFO     | jobhunter:105 |   greenhouse: 3/3 (100.0%)
2026-01-06 12:51:07 | INFO     | jobhunter:105 |   lever: 3/3 (100.0%)
2026-01-06 12:51:07 | INFO     | jobhunter:105 |   ashby: 3/3 (100.0%)
2026-01-06 12:51:07 | INFO     | jobhunter:105 |   workable: 3/3 (100.0%)
2026-01-06 12:51:37 | INFO     | jobhunter:105 | Cleanup completed | Context: {"extra": {"jobs_initialized": 0, "jobs_removed": 1, "jobs_before": 2, "jobs_after": 1}}
2026-01-06 12:51:37 | INFO     | jobhunter:105 | Cleanup completed | Context: {"extra": {"jobs_initialized": 1, "jobs_removed": 0, "jobs_before": 1, "jobs_after": 1}}
2026-01-06 12:51:37 | INFO     | jobhunter:105 | Cleanup completed | Context: {"extra": {"jobs_initialized": 0, "jobs_removed": 0, "jobs_before": 5, "jobs_after": 5}}
2026-01-06 12:51:44 | INFO     | jobhunter:105 | Cleanup completed | Context: {"extra": {"jobs_initialized": 0, "jobs_removed": 1, "jobs_before": 2, "jobs_after": 1}}
2026-01-06 12:51:44 | INFO     | jobhunter:105 | Cleanup completed | Context: {"extra": {"jobs_initialized": 1, "jobs_removed": 0, "jobs_before": 1, "jobs_after": 1}}
2026-01-06 12:51:44 | INFO     | jobhunter:105 | Cleanup completed | Context: {"extra": {"jobs_initialized": 0, "jobs_removed": 0, "jobs_before": 5, "jobs_after": 5}}
2026-01-06 12:55:40 | INFO     | jobhunter:105 | Cleanup completed | Context: {"extra": {"jobs_initialized": 0, "jobs_removed": 1, "jobs_before": 2, "jobs_after": 1}}
2026-01-06 12:55:40 | INFO     | jobhunter:105 | Cleanup completed | Context: {"extra": {"jobs_initialized": 1, "jobs_removed": 0, "jobs_before": 1, "jobs_after": 1}}
2026-01-06 12:55:40 | INFO     | jobhunter:105 | Cleanup completed | Context: {"extra": {"jobs_initialized": 0, "jobs_removed": 0, "jobs_before": 5, "jobs_after": 5}}
